2023-09-21 00:33:43.013 - DBeaver 23.2.0.202309041200 is starting
2023-09-21 00:33:43.013 - OS: Mac OS X 13.5.2 (aarch64)
2023-09-21 00:33:43.013 - Java version: 17.0.6 by Eclipse Adoptium (64bit)
2023-09-21 00:33:43.013 - Install path: '/Applications/DBeaver.app/Contents/Eclipse'
2023-09-21 00:33:43.013 - Instance path: 'file:/Users/hidongmin37/web_1900_hds/workspace/'
2023-09-21 00:33:43.013 - Memory available 64Mb/1024Mb
2023-09-21 00:33:43.017 - Create display
2023-09-21 00:33:43.098 - Initializing DBeaver 23.2.0
2023-09-21 00:33:43.099 - Host plugin: org.jkiss.dbeaver.ui.app.standalone 23.2.0.202309041200
2023-09-21 00:33:43.099 - Initialize desktop platform...
2023-09-21 00:33:43.152 - BounceCastle bundle found. Use JCE provider BC
> Start Core File Systems [org.eclipse.core.filesystem 1.10.0.v20230425-0513]
> Start Core Resource Management [org.eclipse.core.resources 3.19.0.v20230510-1240]
> Start 팀 지원 핵심 [org.eclipse.team.core 3.10.0.v20230317-0901]
> Start DBeaver UI Navigator [org.jkiss.dbeaver.ui.navigator 1.0.113.202309041200]
2023-09-21 00:33:43.401 - Initialize base platform...
2023-09-21 00:33:43.409 - Platform initialized (310ms)
> Start DBeaver UI Editors - Base [org.jkiss.dbeaver.ui.editors.base 1.0.113.202309041200]
2023-09-21 00:33:43.421 - Starting instance server at http://localhost:51854
2023-09-21 00:33:43.424 - Run workbench
> Start DBeaver UI [org.jkiss.dbeaver.ui 5.1.128.202309041200]
> Start Eclipse e4 작업영역 SWT [org.eclipse.e4.ui.workbench.swt 0.17.0.v20230501-1823]
> Start Eclipse Application Services [org.eclipse.e4.core.services 2.4.0.v20230429-1914]
> Start Eclipse UI Application Services [org.eclipse.e4.ui.services 1.6.0.v20230501-1823]
> Start Eclipse e4 Progress View [org.eclipse.e4.ui.progress 0.4.0.v20230501-1823]
> Start Eclipse Bindings Support [org.eclipse.e4.ui.bindings 0.14.0.v20230501-1823]
> Start Eclipse e4 core commands [org.eclipse.e4.core.commands 1.1.0.v20230501-1823]
> Start EMF XML/XMI Persistence [org.eclipse.emf.ecore.xmi 2.18.0.v20230211-1150]
> Start Eclipse e4 작업영역 기능 추가 [org.eclipse.e4.ui.workbench.addons.swt 1.5.0.v20230501-1823]
> Start Eclipse e4 작업영역 SWT 렌더러 [org.eclipse.e4.ui.workbench.renderers.swt 0.16.0.v20230525-0648]
> Start Eclipse Dependency Injection Extensions [org.eclipse.e4.core.di.extensions 0.18.0.v20230429-1914]
> Start Eclipse CSS SWT Support [org.eclipse.e4.ui.css.swt 0.15.0.v20230317-0802]
Warning: NLS unused message: BlockedJobsDialog_UserInterfaceTreeElement in: org.eclipse.ui.internal.progress.messages
> Start Eclipse CSS SWT Theme Support [org.eclipse.e4.ui.css.swt.theme 0.14.0.v20230501-1533]
2023-09-21 00:33:44.211 - Configure workbench window
> Start DBeaver SQL Model [org.jkiss.dbeaver.model.sql 1.0.103.202309041200]
2023-09-21 00:33:44.263 - Total database drivers: 105 (105)
> Start 도움말 시스템 코어 [org.eclipse.help 3.10.0.v20230317-0802]
2023-09-21 00:33:44.298 - Create actions
2023-09-21 00:33:44.300 - Disable Eclipse action set 'org.eclipse.ui.edit.text.actionSet.annotationNavigation'
2023-09-21 00:33:44.301 - Disable Eclipse action set 'org.eclipse.ui.WorkingSetActionSet'
2023-09-21 00:33:44.301 - Disable Eclipse action set 'org.eclipse.ui.actionSet.openFiles'
2023-09-21 00:33:44.434 - Initialize workbench window
2023-09-21 00:33:44.437 - Finish initialization
> Start 기본 문서 편집기 [org.eclipse.ui.editors 3.16.0.v20230329-1609]
> Start 텍스트 편집기 프레임워크 [org.eclipse.ui.workbench.texteditor 3.17.0.v20230316-1200]
> Start DBeaver UI Editors - Data [org.jkiss.dbeaver.ui.editors.data 1.0.113.202309041200]
Warning: NLS unused message: actions_navigator__objects in: org.jkiss.dbeaver.ui.editors.sql.internal.SQLEditorMessages
> Start DBeaver UI Editors - SQL [org.jkiss.dbeaver.ui.editors.sql 1.0.113.202309041200]
> Start DBeaver SQL Terminal [org.jkiss.dbeaver.ui.editors.sql.terminal 1.0.89.202309041200]
> Start 핵심 비교 지원 [org.eclipse.compare.core 3.8.0.v20230517-1315]
> Start 인터넷 연결 관리 사용자 인터페이스 [org.eclipse.ui.net 1.5.0.v20230317-0901]
> Start Internet Connection Management [org.eclipse.core.net 1.5.0.v20230317-0901]
> Start DBeaver Sample Database [org.jkiss.dbeaver.ext.sample.database 1.0.150.202309041200]
> Start DBeaver Tip of the day [org.jkiss.dbeaver.ext.ui.tipoftheday 1.0.119.202309041200]
> Start GEF Classic Draw2d [org.eclipse.draw2d 3.13.0.202306071707]
> Start GEF Classic GEF (MVC) [org.eclipse.gef 3.14.0.202306071707]
> Start DBeaver ERD UI [org.jkiss.dbeaver.erd.ui 3.0.73.202309041200]
> Start DBeaver ERD Model [org.jkiss.dbeaver.erd.model 1.0.73.202309041200]
> Start 콘솔 [org.eclipse.ui.console 3.12.0.v20230317-0802]
Warning: NLS unused message: InputStreamMonitor_label in: org.eclipse.debug.internal.core.DebugCoreMessages
Warning: NLS unused message: OutputStreamMonitor_label in: org.eclipse.debug.internal.core.DebugCoreMessages
> Start 디버그 핵심 [org.eclipse.debug.core 3.21.0.v20230508-1538]
2023-09-21 00:33:45.466 - Connect with 'localhost' (mysql8-18a7df49312-4eb0d6cf3dbcc505)
> Start DBeaver JDBC Model [org.jkiss.dbeaver.model.jdbc 1.0.6.202309041200]
> Start DBeaver MySQL Support [org.jkiss.dbeaver.ext.mysql 2.1.198.202309041200]
2023-09-21 00:33:45.482 - Execution context opened (localhost; Main; 0)
> Start DBeaver GIS Support [org.jkiss.dbeaver.data.gis 1.0.137.202309041200]
2023-09-21 00:33:45.584 - Execution context opened (localhost; Metadata; 1)
2023-09-21 00:33:45.620 - Connected (mysql8-18a7df49312-4eb0d6cf3dbcc505, MySQL Connector/J [mysql-connector-j-8.0.33 (Revision: 7d6b0800528b6b25c68b52dc10d6c1c8429c100c)])
2023-09-21 00:33:45.707 - Execution context opened (localhost; SQLEditor <file.sql>; 2)
> Start DBeaver Tasks - Native Tools UI [org.jkiss.dbeaver.tasks.native.ui 1.0.91.202309041200]
> Start DBeaver MySQL UI Support [org.jkiss.dbeaver.ext.mysql.ui 1.0.105.202309041200]
> Start DBeaver Tasks - General UI [org.jkiss.dbeaver.tasks.ui 1.0.91.202309041200]
2023-09-21 00:34:03.024 - Execution context opened (localhost; SQLEditor <Item.sql>; 3)
> Start ICU4J Base [com.ibm.icu.base 58.2.0.v20170418-1837]
2023-09-21 00:34:49.894 - Execution context opened (localhost; SQLEditor <ItemTag.sql>; 4)
2023-09-21 00:34:51.001 - Execution context opened (localhost; SQLEditor <category.sql>; 5)
2023-09-21 00:37:59.223 - Execution context closed (localhost, 3)
2023-09-21 00:37:59.261 - Execution context closed (localhost, 2)
2023-09-21 00:37:59.294 - Execution context closed (localhost, 5)
2023-09-21 00:37:59.335 - Execution context closed (localhost, 4)
2023-09-21 00:37:59.411 - DBeaver is stopping
2023-09-21 00:37:59.411 - Stop instance server
2023-09-21 00:38:00.412 - DBeaver shutdown completed
