2023-11-02 23:21:34.958 - DBeaver 23.2.3.202310221533 is starting
2023-11-02 23:21:34.959 - OS: Mac OS X 14.0 (aarch64)
2023-11-02 23:21:34.959 - Java version: 17.0.6 by Eclipse Adoptium (64bit)
2023-11-02 23:21:34.959 - Install path: '/Applications/DBeaver.app/Contents/Eclipse'
2023-11-02 23:21:34.959 - Instance path: 'file:/Users/hidongmin37/web_1900_hds/workspace/'
2023-11-02 23:21:34.959 - Memory available 64Mb/1024Mb
2023-11-02 23:21:34.962 - Create display
2023-11-02 23:21:35.042 - Initializing DBeaver 23.2.3
2023-11-02 23:21:35.042 - Host plugin: org.jkiss.dbeaver.ui.app.standalone 23.2.3.202310221533
2023-11-02 23:21:35.042 - Initialize desktop platform...
2023-11-02 23:21:35.104 - BounceCastle bundle found. Use JCE provider BC
> Start Core File Systems [org.eclipse.core.filesystem 1.10.100.v20230717-1727]
> Start Core Resource Management [org.eclipse.core.resources 3.19.100.v20230814-1312]
> Start 팀 지원 핵심 [org.eclipse.team.core 3.10.100.v20230726-0617]
> Start DBeaver UI Navigator [org.jkiss.dbeaver.ui.navigator 1.0.117.202310221533]
2023-11-02 23:21:35.203 - Initialize base platform...
2023-11-02 23:21:35.212 - Platform initialized (170ms)
> Start DBeaver UI Editors - Base [org.jkiss.dbeaver.ui.editors.base 1.0.117.202310221533]
2023-11-02 23:21:35.225 - Starting instance server at http://localhost:51333
2023-11-02 23:21:35.229 - Run workbench
> Start DBeaver UI [org.jkiss.dbeaver.ui 5.1.132.202310221533]
> Start Eclipse e4 작업영역 SWT [org.eclipse.e4.ui.workbench.swt 0.17.100.v20230727-0604]
> Start Eclipse Application Services [org.eclipse.e4.core.services 2.4.100.v20230708-0809]
> Start Eclipse UI Application Services [org.eclipse.e4.ui.services 1.6.100.v20230630-1554]
> Start Eclipse e4 Progress View [org.eclipse.e4.ui.progress 0.4.100.v20230727-0604]
> Start Eclipse Bindings Support [org.eclipse.e4.ui.bindings 0.14.100.v20230630-1554]
> Start Eclipse e4 core commands [org.eclipse.e4.core.commands 1.1.100.v20230630-1554]
> Start EMF XML/XMI Persistence [org.eclipse.emf.ecore.xmi 2.35.0.v20230801-1141]
> Start Eclipse e4 작업영역 기능 추가 [org.eclipse.e4.ui.workbench.addons.swt 1.5.100.v20230727-0604]
> Start Eclipse e4 작업영역 SWT 렌더러 [org.eclipse.e4.ui.workbench.renderers.swt 0.16.100.v20230801-1255]
> Start Eclipse Dependency Injection Extensions [org.eclipse.e4.core.di.extensions 0.18.0.v20230429-1914]
> Start Eclipse CSS SWT Support [org.eclipse.e4.ui.css.swt 0.15.100.v20230727-0604]
Warning: NLS unused message: BlockedJobsDialog_UserInterfaceTreeElement in: org.eclipse.ui.internal.progress.messages
> Start Eclipse CSS SWT Theme Support [org.eclipse.e4.ui.css.swt.theme 0.14.100.v20230727-0604]
2023-11-02 23:21:36.075 - Configure workbench window
> Start DBeaver SQL Model [org.jkiss.dbeaver.model.sql 1.0.107.202310221533]
2023-11-02 23:21:36.126 - Total database drivers: 107 (107)
> Start 도움말 시스템 코어 [org.eclipse.help 3.10.100.v20230726-0617]
2023-11-02 23:21:36.156 - Create actions
2023-11-02 23:21:36.158 - Disable Eclipse action set 'org.eclipse.ui.edit.text.actionSet.annotationNavigation'
2023-11-02 23:21:36.158 - Disable Eclipse action set 'org.eclipse.ui.WorkingSetActionSet'
2023-11-02 23:21:36.158 - Disable Eclipse action set 'org.eclipse.ui.actionSet.openFiles'
2023-11-02 23:21:36.309 - Initialize workbench window
2023-11-02 23:21:36.312 - Finish initialization
Warning: NLS unused message: actions_navigator__objects in: org.jkiss.dbeaver.ui.editors.sql.internal.SQLEditorMessages
> Start DBeaver UI Editors - SQL [org.jkiss.dbeaver.ui.editors.sql 1.0.117.202310221533]
> Start GEF Classic Draw2d [org.eclipse.draw2d 3.14.0.202308311129]
> Start GEF Classic GEF (MVC) [org.eclipse.gef 3.15.0.202308311129]
> Start DBeaver ERD UI [org.jkiss.dbeaver.erd.ui 3.0.77.202310221533]
> Start DBeaver ERD Model [org.jkiss.dbeaver.erd.model 1.0.77.202310221533]
> Start 기본 문서 편집기 [org.eclipse.ui.editors 3.17.0.v20230821-1342]
> Start 텍스트 편집기 프레임워크 [org.eclipse.ui.workbench.texteditor 3.17.100.v20230821-0745]
> Start DBeaver UI Editors - Data [org.jkiss.dbeaver.ui.editors.data 1.0.117.202310221533]
> Start 인터넷 연결 관리 사용자 인터페이스 [org.eclipse.ui.net 1.5.100.v20230726-0617]
> Start Internet Connection Management [org.eclipse.core.net 1.5.100.v20230630-1232]
> Start DBeaver Sample Database [org.jkiss.dbeaver.ext.sample.database 1.0.154.202310221533]
> Start DBeaver Tip of the day [org.jkiss.dbeaver.ext.ui.tipoftheday 1.0.123.202310221533]
> Start DBeaver JDBC Model [org.jkiss.dbeaver.model.jdbc 1.0.10.202310221533]
> Start DBeaver Oracle Model [org.jkiss.dbeaver.ext.oracle 2.1.202.202310221533]
2023-11-02 23:21:44.487 - Connect with 'ORCL' (oracle_thin-18b90101d82-5b7949d618a988c3)
2023-11-02 23:21:44.507 - Execution context opened (ORCL; Main; 0)
2023-11-02 23:21:45.619 - Execution context opened (ORCL; Metadata; 1)
2023-11-02 23:21:46.112 - Can't set session optimizer parameters
java.sql.SQLSyntaxErrorException: ORA-01031: 권한이 불충분합니다

https://docs.oracle.com/error-help/db/ora-01031/
	at oracle.jdbc.driver.T4CTTIoer11.processError(T4CTTIoer11.java:702)
	at oracle.jdbc.driver.T4CTTIoer11.processError(T4CTTIoer11.java:608)
	at oracle.jdbc.driver.T4C8Oall.processError(T4C8Oall.java:1330)
	at oracle.jdbc.driver.T4CTTIfun.receive(T4CTTIfun.java:1102)
	at oracle.jdbc.driver.T4CTTIfun.doRPC(T4CTTIfun.java:456)
	at oracle.jdbc.driver.T4C8Oall.doOALL(T4C8Oall.java:498)
	at oracle.jdbc.driver.T4CPreparedStatement.doOall8(T4CPreparedStatement.java:272)
	at oracle.jdbc.driver.T4CPreparedStatement.executeForRows(T4CPreparedStatement.java:1451)
	at oracle.jdbc.driver.OracleStatement.executeSQLStatement(OracleStatement.java:1958)
	at oracle.jdbc.driver.OracleStatement.doExecuteWithTimeout(OracleStatement.java:1594)
	at oracle.jdbc.driver.OraclePreparedStatement.executeInternal(OraclePreparedStatement.java:3754)
	at oracle.jdbc.driver.OraclePreparedStatement.execute(OraclePreparedStatement.java:4202)
	at oracle.jdbc.driver.OraclePreparedStatementWrapper.execute(OraclePreparedStatementWrapper.java:1015)
	at org.jkiss.dbeaver.model.impl.jdbc.exec.JDBCPreparedStatementImpl.execute(JDBCPreparedStatementImpl.java:261)
	at org.jkiss.dbeaver.model.impl.jdbc.JDBCUtils.executeSQL(JDBCUtils.java:569)
	at org.jkiss.dbeaver.ext.oracle.model.OracleDataSource.initializeContextState(OracleDataSource.java:336)
	at org.jkiss.dbeaver.model.impl.jdbc.JDBCExecutionContext.connect(JDBCExecutionContext.java:162)
	at org.jkiss.dbeaver.model.impl.jdbc.JDBCRemoteInstance.initializeMetaContext(JDBCRemoteInstance.java:137)
	at org.jkiss.dbeaver.model.impl.jdbc.JDBCDataSource.initialize(JDBCDataSource.java:495)
	at org.jkiss.dbeaver.ext.oracle.model.OracleDataSource.initialize(OracleDataSource.java:499)
	at org.jkiss.dbeaver.registry.DataSourceDescriptor.openDataSource(DataSourceDescriptor.java:1287)
	at org.jkiss.dbeaver.registry.DataSourceDescriptor.connect0(DataSourceDescriptor.java:1117)
	at org.jkiss.dbeaver.registry.DataSourceDescriptor.connect(DataSourceDescriptor.java:950)
	at org.jkiss.dbeaver.runtime.jobs.ConnectJob.run(ConnectJob.java:77)
	at org.jkiss.dbeaver.runtime.jobs.ConnectJob.runSync(ConnectJob.java:104)
	at org.jkiss.dbeaver.ui.actions.datasource.DataSourceHandler.connectToDataSource(DataSourceHandler.java:115)
	at org.jkiss.dbeaver.ui.actions.datasource.UIServiceConnectionsImpl.initConnection(UIServiceConnectionsImpl.java:87)
	at org.jkiss.dbeaver.model.DBUtils.initDataSource(DBUtils.java:2535)
	at org.jkiss.dbeaver.model.navigator.DBNDataSource.initializeNode(DBNDataSource.java:151)
	at org.jkiss.dbeaver.model.navigator.DBNDatabaseNode.getChildren(DBNDatabaseNode.java:225)
	at org.jkiss.dbeaver.model.navigator.DBNDatabaseNode.getChildren(DBNDatabaseNode.java:1)
	at org.jkiss.dbeaver.model.navigator.DBNUtils.getNodeChildrenFiltered(DBNUtils.java:91)
	at org.jkiss.dbeaver.ui.navigator.database.load.TreeLoadService.evaluate(TreeLoadService.java:49)
	at org.jkiss.dbeaver.ui.navigator.database.load.TreeLoadService.evaluate(TreeLoadService.java:1)
	at org.jkiss.dbeaver.ui.LoadingJob.run(LoadingJob.java:88)
	at org.jkiss.dbeaver.ui.LoadingJob.run(LoadingJob.java:72)
	at org.jkiss.dbeaver.model.runtime.AbstractJob.run(AbstractJob.java:105)
	at org.eclipse.core.internal.jobs.Worker.run(Worker.java:63)
Caused by: Error : 1031, Position : 0, SQL = ALTER SESSION SET "_optimizer_push_pred_cost_based" = FALSE, Original SQL = ALTER SESSION SET "_optimizer_push_pred_cost_based" = FALSE, Error Message = ORA-01031: 권한이 불충분합니다

	at oracle.jdbc.driver.T4CTTIoer11.processError(T4CTTIoer11.java:710)
	... 37 more
2023-11-02 23:21:46.185 - Connected (oracle_thin-18b90101d82-5b7949d618a988c3, Oracle JDBC driver [23.3.0.23.09])
2023-11-02 23:21:56.262 - DBeaver is stopping
2023-11-02 23:21:56.263 - Stop instance server
2023-11-02 23:21:57.281 - DBeaver shutdown completed
